INFO - First log
INFO - Initial dataset length: 8668- n classes: 80
INFO - Fold: 1/10
INFO - Training new layers
INFO - Training full model
INFO - Evaluating!
INFO - [val_loss, val_accuracy]: [0.1946684867143631, 0.9475032091140747]
INFO - [test_loss, test_accuracy]: [0.2627840042114258, 0.9342560768127441]
INFO - Fold: 2/10
INFO - Training new layers
INFO - Training full model
INFO - Evaluating!
INFO - [val_loss, val_accuracy]: [0.2538389563560486, 0.9359794855117798]
INFO - [test_loss, test_accuracy]: [0.23399858176708221, 0.931949257850647]
INFO - Fold: 3/10
INFO - Training new layers
INFO - Training full model
INFO - Evaluating!
INFO - [val_loss, val_accuracy]: [0.22938060760498047, 0.9282970428466797]
INFO - [test_loss, test_accuracy]: [0.2841477394104004, 0.9296424388885498]
INFO - Fold: 4/10
INFO - Training new layers
INFO - Training full model
INFO - Evaluating!
INFO - [val_loss, val_accuracy]: [0.25330254435539246, 0.9334186911582947]
INFO - [test_loss, test_accuracy]: [0.2898152470588684, 0.9400230646133423]
INFO - Fold: 5/10
INFO - Training new layers
INFO - Training full model
INFO - Evaluating!
INFO - [val_loss, val_accuracy]: [0.3107915222644806, 0.9218950271606445]
INFO - [test_loss, test_accuracy]: [0.2773084342479706, 0.9181084036827087]
INFO - Fold: 6/10
INFO - Training new layers
INFO - Training full model
INFO - Evaluating!
INFO - [val_loss, val_accuracy]: [0.2637503743171692, 0.9218950271606445]
INFO - [test_loss, test_accuracy]: [0.21608571708202362, 0.9400230646133423]
INFO - Fold: 7/10
INFO - Training new layers
INFO - Training full model
INFO - Evaluating!
INFO - [val_loss, val_accuracy]: [0.1987425684928894, 0.9462227821350098]
INFO - [test_loss, test_accuracy]: [0.1820908784866333, 0.9515570998191833]
INFO - Fold: 8/10
INFO - Training new layers
INFO - Training full model
INFO - Evaluating!
INFO - [val_loss, val_accuracy]: [0.2993559241294861, 0.9180538058280945]
INFO - [test_loss, test_accuracy]: [0.3178168535232544, 0.9134948253631592]
INFO - Fold: 9/10
INFO - Training new layers
INFO - Training full model
INFO - Evaluating!
INFO - [val_loss, val_accuracy]: [0.2617417275905609, 0.9193341732025146]
INFO - [test_loss, test_accuracy]: [0.3091762661933899, 0.9110854268074036]
INFO - Fold: 10/10
INFO - Training new layers
INFO - Training full model
INFO - Evaluating!
INFO - [val_loss, val_accuracy]: [0.4086184501647949, 0.8937259912490845]
INFO - [test_loss, test_accuracy]: [0.4127964377403259, 0.8949191570281982]
INFO - Mean accuracy: 0.9265058815479279+-0.016024489648405752
INFO - Computed in 71694.18776464462s
INFO - First log
INFO - Initial dataset length: 9895- n classes: 166
INFO - Fold: 1/10
INFO - Training new layers
INFO - Training full model
INFO - Evaluating!
INFO - [val_loss, val_accuracy]: [0.3979649841785431, 0.8945005536079407]
INFO - [test_loss, test_accuracy]: [0.6054629683494568, 0.8717171549797058]
INFO - Fold: 2/10
INFO - Training new layers
INFO - Training full model
INFO - Evaluating!
INFO - [val_loss, val_accuracy]: [0.31122156977653503, 0.9057239294052124]
INFO - [test_loss, test_accuracy]: [0.31918925046920776, 0.9212121367454529]
INFO - Fold: 3/10
INFO - Training new layers
INFO - Training full model
INFO - Evaluating!
INFO - [val_loss, val_accuracy]: [0.3945666253566742, 0.9191918969154358]
INFO - [test_loss, test_accuracy]: [0.5631860494613647, 0.8989899158477783]
INFO - Fold: 4/10
INFO - Training new layers
INFO - Training full model
INFO - Evaluating!
INFO - [val_loss, val_accuracy]: [0.2968108355998993, 0.91806960105896]
INFO - [test_loss, test_accuracy]: [0.4253377318382263, 0.8939393758773804]
INFO - Fold: 5/10
INFO - Training new layers
INFO - Training full model
INFO - Evaluating!
INFO - [val_loss, val_accuracy]: [0.3350529074668884, 0.9135802388191223]
INFO - [test_loss, test_accuracy]: [0.3818743824958801, 0.8979797959327698]
INFO - Fold: 6/10
INFO - Training new layers
INFO - Training full model
INFO - Evaluating!
INFO - [val_loss, val_accuracy]: [0.29422515630722046, 0.9304152727127075]
INFO - [test_loss, test_accuracy]: [0.3775952458381653, 0.9251769185066223]
INFO - Fold: 7/10
INFO - Training new layers
INFO - Training full model
INFO - Evaluating!
INFO - [val_loss, val_accuracy]: [0.28579428791999817, 0.9281706213951111]
INFO - [test_loss, test_accuracy]: [0.2682678699493408, 0.9433771371841431]
INFO - Fold: 8/10
INFO - Training new layers
INFO - Training full model
INFO - Evaluating!
INFO - [val_loss, val_accuracy]: [0.3895091414451599, 0.9147025942802429]
INFO - [test_loss, test_accuracy]: [0.32767197489738464, 0.9180991053581238]
INFO - Fold: 9/10
INFO - Training new layers
INFO - Training full model
INFO - Evaluating!
INFO - [val_loss, val_accuracy]: [0.410172700881958, 0.8877665400505066]
INFO - [test_loss, test_accuracy]: [0.4122346341609955, 0.9029322266578674]
INFO - Fold: 10/10
INFO - Training new layers
INFO - Training full model
INFO - Evaluating!
INFO - [val_loss, val_accuracy]: [0.3858882784843445, 0.9113355875015259]
INFO - [test_loss, test_accuracy]: [0.39834046363830566, 0.9221435785293579]
INFO - Mean accuracy: 0.9095567345619202+-0.01928823959283937
INFO - Computed in 88558.44119524956s
